GROUP,PACKAGE,CLASS,INSTRUCTION_MISSED,INSTRUCTION_COVERED,BRANCH_MISSED,BRANCH_COVERED,LINE_MISSED,LINE_COVERED,COMPLEXITY_MISSED,COMPLEXITY_COVERED,METHOD_MISSED,METHOD_COVERED
DiscordFeud,com.github.reginald231.listeners,EventListener,383,12,7,0,112,5,18,2,12,2
DiscordFeud,com.github.reginald231.commands,CommandManager,3,127,0,0,1,33,1,2,1,2
DiscordFeud,com.github.reginald231,DiscordFeud,9,6,0,0,4,3,1,1,1,1
DiscordFeud,com.github.reginald231,DBManager,142,0,2,0,49,0,6,0,5,0
DiscordFeud,com.github.reginald231,FeudManager,198,44,26,0,50,11,33,1,20,1
DiscordFeud,com.github.reginald231,Player,28,0,0,0,10,0,5,0,5,0
